
Dec 07, 2023 16:02:24.94 NEW SESSION
Dec 07, 2023 16:02:24.94 [18984:12488:1207/160224.937:ERROR:connection_factory_impl.cc(471)] ConnectionHandler failed with net error: -2
Dec 07, 2023 16:02:44.92 [18984:12488:1207/160244.920:ERROR:connection_factory_impl.cc(471)] ConnectionHandler failed with net error: -2
Dec 07, 2023 16:02:46.97 [18984:12488:1207/160246.972:ERROR:connection_factory_impl.cc(428)] Failed to connect to MCS endpoint with error -106
Dec 07, 2023 16:02:49.17 [18984:14416:1207/160249.178:ERROR:device_event_log_impl.cc(192)] [16:02:49.178] USB: usb_service_win.cc:104 SetupDiGetDeviceProperty({{A45C254E-DF1C-4EFD-8020-67D146A850E0}, 6}) failed: Element not found. (0x490)

Dec 09, 2023 15:46:18.38 NEW SESSION
Dec 09, 2023 15:46:18.38 [8:20560:1209/154618.369:ERROR:connection_factory_impl.cc(428)] Failed to connect to MCS endpoint with error -118
Dec 09, 2023 15:49:54.49 [8:20560:1209/154954.495:ERROR:connection_factory_impl.cc(428)] Failed to connect to MCS endpoint with error -105
Dec 09, 2023 15:49:56.71 [8:20560:1209/154956.713:ERROR:connection_factory_impl.cc(428)] Failed to connect to MCS endpoint with error -106
Dec 09, 2023 15:49:57.63 [8:12612:1209/154957.631:ERROR:device_event_log_impl.cc(192)] [15:49:57.631] USB: usb_service_win.cc:104 SetupDiGetDeviceProperty({{A45C254E-DF1C-4EFD-8020-67D146A850E0}, 6}) failed: Element not found. (0x490)
Dec 09, 2023 15:50:04.96 [8:20560:1209/155004.964:ERROR:connection_factory_impl.cc(428)] Failed to connect to MCS endpoint with error -105
Dec 09, 2023 15:50:07.43 [8:20560:1209/155007.434:ERROR:connection_factory_impl.cc(428)] Failed to connect to MCS endpoint with error -105
Dec 09, 2023 15:50:24.27 [8:20560:1209/155024.278:ERROR:connection_factory_impl.cc(428)] Failed to connect to MCS endpoint with error -105
Dec 09, 2023 15:51:08.10 [8:20560:1209/155108.108:ERROR:connection_factory_impl.cc(428)] Failed to connect to MCS endpoint with error -106
Dec 09, 2023 15:51:12.70 [8:15032:1209/155112.702:ERROR:get_updates_processor.cc(263)] PostClientToServerMessage() failed during GetUpdates with error Network error (ERR_INTERNET_DISCONNECTED)
Dec 09, 2023 15:51:15.17 [8:15032:1209/155115.177:ERROR:get_updates_processor.cc(263)] PostClientToServerMessage() failed during GetUpdates with error Network error (ERR_INTERNET_DISCONNECTED)
Dec 09, 2023 15:52:09.96 [8:20560:1209/155209.964:ERROR:connection_factory_impl.cc(428)] Failed to connect to MCS endpoint with error -105
Dec 09, 2023 15:52:09.97 [8:15032:1209/155209.970:ERROR:get_updates_processor.cc(263)] PostClientToServerMessage() failed during GetUpdates with error Network error (ERR_NAME_NOT_RESOLVED)
Dec 09, 2023 15:52:34.73 [8:8500:1209/155234.731:ERROR:get_updates_processor.cc(263)] PostClientToServerMessage() failed during GetUpdates with error Network error (ERR_CONNECTION_CLOSED)
Dec 09, 2023 15:52:37.96 [8:20560:1209/155237.964:ERROR:connection_factory_impl.cc(428)] Failed to connect to MCS endpoint with error -118
Dec 09, 2023 15:54:26.09 [8:15032:1209/155426.098:ERROR:get_updates_processor.cc(263)] PostClientToServerMessage() failed during GetUpdates with error Network error (ERR_CONNECTION_CLOSED)
Dec 09, 2023 15:55:32.22 [8:12612:1209/155532.226:ERROR:device_event_log_impl.cc(192)] [15:55:32.225] USB: usb_service_win.cc:104 SetupDiGetDeviceProperty({{A45C254E-DF1C-4EFD-8020-67D146A850E0}, 6}) failed: Element not found. (0x490)
Dec 09, 2023 16:03:54.56 [8:20560:1209/160354.568:ERROR:connection_factory_impl.cc(428)] Failed to connect to MCS endpoint with error -105
Dec 09, 2023 16:03:54.56 [8:8500:1209/160354.568:ERROR:get_updates_processor.cc(263)] PostClientToServerMessage() failed during GetUpdates with error Network error (ERR_NETWORK_CHANGED)
Dec 09, 2023 16:39:01.59 [8:20560:1209/163901.598:ERROR:connection_factory_impl.cc(428)] Failed to connect to MCS endpoint with error -105
Dec 09, 2023 16:39:03.82 [8:20560:1209/163903.824:ERROR:connection_factory_impl.cc(428)] Failed to connect to MCS endpoint with error -106
Dec 09, 2023 16:39:08.06 [8:12612:1209/163908.065:ERROR:device_event_log_impl.cc(192)] [16:39:08.064] USB: usb_service_win.cc:104 SetupDiGetDeviceProperty({{A45C254E-DF1C-4EFD-8020-67D146A850E0}, 6}) failed: Element not found. (0x490)
Dec 09, 2023 16:39:14.42 [8:20560:1209/163914.424:ERROR:connection_factory_impl.cc(428)] Failed to connect to MCS endpoint with error -105
Dec 09, 2023 16:39:16.92 [8:20560:1209/163916.923:ERROR:connection_factory_impl.cc(428)] Failed to connect to MCS endpoint with error -105
Dec 09, 2023 16:39:33.82 [8:20560:1209/163933.823:ERROR:connection_factory_impl.cc(428)] Failed to connect to MCS endpoint with error -105
Dec 09, 2023 16:40:17.44 [8:20560:1209/164017.445:ERROR:connection_factory_impl.cc(428)] Failed to connect to MCS endpoint with error -106
Dec 09, 2023 16:41:18.93 [8:20560:1209/164118.938:ERROR:connection_factory_impl.cc(428)] Failed to connect to MCS endpoint with error -105
Dec 09, 2023 16:41:51.62 [8:20560:1209/164151.619:ERROR:connection_factory_impl.cc(471)] ConnectionHandler failed with net error: -2
Dec 09, 2023 16:43:33.01 [8:20560:1209/164333.016:ERROR:connection_factory_impl.cc(428)] Failed to connect to MCS endpoint with error -105
Dec 09, 2023 16:43:35.15 [8:20560:1209/164335.157:ERROR:connection_factory_impl.cc(428)] Failed to connect to MCS endpoint with error -106
Dec 09, 2023 16:43:43.00 [8:20560:1209/164343.008:ERROR:connection_factory_impl.cc(428)] Failed to connect to MCS endpoint with error -105
Dec 09, 2023 16:43:45.91 [8:20560:1209/164345.911:ERROR:connection_factory_impl.cc(428)] Failed to connect to MCS endpoint with error -105
Dec 09, 2023 16:44:22.10 [8:20560:1209/164422.101:ERROR:connection_factory_impl.cc(428)] Failed to connect to MCS endpoint with error -118
Dec 09, 2023 16:45:47.82 [8:20560:1209/164547.828:ERROR:connection_factory_impl.cc(428)] Failed to connect to MCS endpoint with error -105
Dec 09, 2023 16:46:49.53 [8:20560:1209/164649.535:ERROR:connection_factory_impl.cc(428)] Failed to connect to MCS endpoint with error -105
Dec 09, 2023 16:46:51.68 [8:20560:1209/164651.688:ERROR:connection_factory_impl.cc(428)] Failed to connect to MCS endpoint with error -106
Dec 09, 2023 16:46:58.91 [8:20560:1209/164658.914:ERROR:connection_factory_impl.cc(428)] Failed to connect to MCS endpoint with error -105
Dec 09, 2023 16:47:01.92 [8:20560:1209/164701.923:ERROR:connection_factory_impl.cc(428)] Failed to connect to MCS endpoint with error -105
Dec 09, 2023 16:47:59.29 [8:20560:1209/164759.293:ERROR:connection_factory_impl.cc(428)] Failed to connect to MCS endpoint with error -118
Dec 09, 2023 16:49:03.91 [8:20560:1209/164903.915:ERROR:connection_factory_impl.cc(428)] Failed to connect to MCS endpoint with error -105
Dec 09, 2023 16:57:36.68 [8:20560:1209/165736.681:ERROR:connection_factory_impl.cc(428)] Failed to connect to MCS endpoint with error -105
Dec 09, 2023 16:58:53.02 [8:20560:1209/165853.028:ERROR:connection_factory_impl.cc(428)] Failed to connect to MCS endpoint with error -106
Dec 09, 2023 17:14:29.23 [8:16520:1209/171429.238:ERROR:get_updates_processor.cc(263)] PostClientToServerMessage() failed during GetUpdates with error Network error (ERR_INTERNET_DISCONNECTED)
